2024-11-16 00:59:29,830 - INFO - Downloading required NLTK resources...
2024-11-16 00:59:29,831 - INFO - Downloading NLTK resource: punkt
2024-11-16 00:59:29,831 - INFO - Downloading NLTK resource: stopwords
2024-11-16 00:59:29,832 - INFO - Downloading NLTK resource: wordnet
2024-11-16 00:59:29,832 - INFO - Downloading NLTK resource: averaged_perceptron_tagger
2024-11-16 00:59:29,832 - INFO - Downloading NLTK resource: omw-1.4
2024-11-16 00:59:29,879 - INFO - Loading data from data/innovius_case_study_data.csv
2024-11-16 00:59:30,639 - INFO - Initializing text preprocessor
2024-11-16 00:59:30,641 - INFO - Processing text data
2024-11-16 00:59:31,398 - ERROR - An error occurred: 
**********************************************************************
  Resource [93mpunkt_tab[0m not found.
  Please use the NLTK Downloader to obtain the resource:

  [31m>>> import nltk
  >>> nltk.download('punkt_tab')
  [0m
  For more information see: https://www.nltk.org/data.html

  Attempted to load [93mtokenizers/punkt_tab/english/[0m

  Searched in:
    - '/home/rishi/nltk_data'
    - '/usr/nltk_data'
    - '/usr/share/nltk_data'
    - '/usr/lib/nltk_data'
    - '/usr/share/nltk_data'
    - '/usr/local/share/nltk_data'
    - '/usr/lib/nltk_data'
    - '/usr/local/lib/nltk_data'
**********************************************************************
Traceback (most recent call last):
  File "/mnt/c/Users/rushi/VS Code/similarity_finder/main.py", line 147, in main
    df_processed = load_and_preprocess_data(input_file)
  File "/mnt/c/Users/rushi/VS Code/similarity_finder/main.py", line 58, in load_and_preprocess_data
    df_processed = preprocessor.process_dataframe(df)
  File "/mnt/c/Users/rushi/VS Code/similarity_finder/src/text_preprocessing.py", line 119, in process_dataframe
    df_processed['processed_description'] = df_processed['combined_description'].apply(self.preprocess_text)
  File "/home/rishi/.local/lib/python3.10/site-packages/pandas/core/series.py", line 4924, in apply
    ).apply()
  File "/home/rishi/.local/lib/python3.10/site-packages/pandas/core/apply.py", line 1427, in apply
    return self.apply_standard()
  File "/home/rishi/.local/lib/python3.10/site-packages/pandas/core/apply.py", line 1507, in apply_standard
    mapped = obj._map_values(
  File "/home/rishi/.local/lib/python3.10/site-packages/pandas/core/base.py", line 921, in _map_values
    return algorithms.map_array(arr, mapper, na_action=na_action, convert=convert)
  File "/home/rishi/.local/lib/python3.10/site-packages/pandas/core/algorithms.py", line 1743, in map_array
    return lib.map_infer(values, mapper, convert=convert)
  File "lib.pyx", line 2972, in pandas._libs.lib.map_infer
  File "/mnt/c/Users/rushi/VS Code/similarity_finder/src/text_preprocessing.py", line 95, in preprocess_text
    tokens = word_tokenize(text)
  File "/home/rishi/.local/lib/python3.10/site-packages/nltk/tokenize/__init__.py", line 142, in word_tokenize
    sentences = [text] if preserve_line else sent_tokenize(text, language)
  File "/home/rishi/.local/lib/python3.10/site-packages/nltk/tokenize/__init__.py", line 119, in sent_tokenize
    tokenizer = _get_punkt_tokenizer(language)
  File "/home/rishi/.local/lib/python3.10/site-packages/nltk/tokenize/__init__.py", line 105, in _get_punkt_tokenizer
    return PunktTokenizer(language)
  File "/home/rishi/.local/lib/python3.10/site-packages/nltk/tokenize/punkt.py", line 1744, in __init__
    self.load_lang(lang)
  File "/home/rishi/.local/lib/python3.10/site-packages/nltk/tokenize/punkt.py", line 1749, in load_lang
    lang_dir = find(f"tokenizers/punkt_tab/{lang}/")
  File "/home/rishi/.local/lib/python3.10/site-packages/nltk/data.py", line 579, in find
    raise LookupError(resource_not_found)
LookupError: 
**********************************************************************
  Resource [93mpunkt_tab[0m not found.
  Please use the NLTK Downloader to obtain the resource:

  [31m>>> import nltk
  >>> nltk.download('punkt_tab')
  [0m
  For more information see: https://www.nltk.org/data.html

  Attempted to load [93mtokenizers/punkt_tab/english/[0m

  Searched in:
    - '/home/rishi/nltk_data'
    - '/usr/nltk_data'
    - '/usr/share/nltk_data'
    - '/usr/lib/nltk_data'
    - '/usr/share/nltk_data'
    - '/usr/local/share/nltk_data'
    - '/usr/lib/nltk_data'
    - '/usr/local/lib/nltk_data'
**********************************************************************

